q = (0.000,1.000,1.000,1.000) to (1.000,0.000,0.000,0.000)
q = (50.000,1.500,1.000,1.500) to (0.906,0.270,0.180,0.270)
q = (100.000,2.500,1.000,1.750) to (0.643,0.596,0.239,0.417)
q = (170.000,3.000,1.000,2.000) to (0.087,0.799,0.266,0.532)
M^{-1}(1.000,0.000,0.000,0.000)=(1.000,1.000,1.000,0.000)
M^{-1}(0.906,0.270,0.180,0.270)=(0.624,0.416,0.624,0.216)
M^{-1}(0.643,0.596,0.239,0.417)=(0.706,0.282,0.494,0.423)
M^{-1}(0.087,0.799,0.266,0.532)=(0.591,0.197,0.394,0.676)
A Bspline of degree 3:
knots = (0.00,0.00,0.00,0.90,1.44,2.00,2.00,2.00,)
control points:
(1.00,1.00,1.00,0.00)
(0.77,0.73,0.84,0.05)
(0.52,0.41,0.64,0.16)
(0.76,0.28,0.49,0.42)
(0.66,0.22,0.42,0.58)
(0.59,0.20,0.39,0.68)
A Bezier curve of degree 3:
knots = (0.00,0.90,1.44,2.00,)
control points:
(1.000000,1.000000,1.000000,0.000000)
(0.767871,0.730525,0.842163,0.045006)
(0.613018,0.528221,0.714391,0.115827)
(0.624441,0.416294,0.624441,0.216440)
(0.631241,0.349662,0.570893,0.276336)
(0.696971,0.315060,0.530749,0.346790)
(0.705560,0.282224,0.493892,0.422618)
(0.714398,0.248435,0.455965,0.500647)
(0.662732,0.216516,0.421520,0.584367)
(0.591137,0.197046,0.394091,0.675590)
A rational Bezier curve of degree 6:
knots = (0.00,0.90,1.44,2.00,)
weights and control points:
(3.000000,1.000000,0.000000,0.000000,0.000000)
(2.340559,1.000000,0.019229,0.019229,0.019229)
(1.842986,0.998681,0.047641,0.046546,0.049818)
(1.483617,0.993675,0.085279,0.080339,0.093266)
(1.234837,0.980652,0.131941,0.116743,0.148560)
(1.073853,0.953309,0.190909,0.151367,0.211342)
(1.000000,0.906308,0.270308,0.180205,0.270308)
(0.956034,0.874879,0.323400,0.199488,0.309737)
(0.942948,0.839142,0.377839,0.213132,0.341355)
(0.949852,0.799138,0.433769,0.222341,0.365594)
(0.969315,0.754731,0.489769,0.228426,0.383745)
(0.989364,0.703729,0.545030,0.233506,0.399833)
(1.000000,0.642788,0.596365,0.238546,0.417455)
(1.010945,0.581416,0.648061,0.243621,0.435202)
(1.011923,0.507523,0.697829,0.248857,0.455208)
(1.006089,0.419818,0.742468,0.254065,0.476854)
(0.998828,0.318834,0.777082,0.258729,0.498309)
(0.995339,0.206717,0.796891,0.262647,0.517481)
(1.000000,0.087156,0.798733,0.266244,0.532488)
