2003.03.04 08:16 B C:\jj\paper\kernelCurve\.jotcruft_23d4 <-- light /usr/people/jj/modelTR/visibility/kernel/kernelCurve .jotcruft_23d4
2003.03.04 08:16 B C:\jj\paper\kernelCurve\ACMSE03acceptance <-- light /usr/people/jj/modelTR/visibility/kernel/kernelCurve ACMSE03acceptance
2003.03.04 08:16 B C:\jj\paper\kernelCurve\curveKernel-original.pdf <-- light /usr/people/jj/modelTR/visibility/kernel/kernelCurve curveKernel-original.pdf
2003.03.04 08:16 B C:\jj\paper\kernelCurve\curveKernel.aux <-- light /usr/people/jj/modelTR/visibility/kernel/kernelCurve curveKernel.aux
2003.03.04 08:16 B C:\jj\paper\kernelCurve\curveKernel.log <-- light /usr/people/jj/modelTR/visibility/kernel/kernelCurve curveKernel.log
2003.03.04 08:16 B C:\jj\paper\kernelCurve\curveKernel.pdf <-- light /usr/people/jj/modelTR/visibility/kernel/kernelCurve curveKernel.pdf
2003.03.04 08:16 B C:\jj\paper\kernelCurve\curveKernel.tex <-- light /usr/people/jj/modelTR/visibility/kernel/kernelCurve curveKernel.tex
2003.03.04 08:16 B C:\jj\paper\kernelCurve\curvekernelACMabstract.aux <-- light /usr/people/jj/modelTR/visibility/kernel/kernelCurve curvekernelACMabstract.aux
2003.03.04 08:16 B C:\jj\paper\kernelCurve\curvekernelACMabstract.dvi <-- light /usr/people/jj/modelTR/visibility/kernel/kernelCurve curvekernelACMabstract.dvi
2003.03.04 08:16 B C:\jj\paper\kernelCurve\curvekernelACMabstract.log <-- light /usr/people/jj/modelTR/visibility/kernel/kernelCurve curvekernelACMabstract.log
2003.03.04 08:16 B C:\jj\paper\kernelCurve\curvekernelACMabstract.ps <-- light /usr/people/jj/modelTR/visibility/kernel/kernelCurve curvekernelACMabstract.ps
2003.03.04 08:16 B C:\jj\paper\kernelCurve\curvekernelACMabstract.tex <-- light /usr/people/jj/modelTR/visibility/kernel/kernelCurve curvekernelACMabstract.tex
2003.03.04 08:16 B C:\jj\paper\kernelCurve\curvekernelACMmail <-- light /usr/people/jj/modelTR/visibility/kernel/kernelCurve curvekernelACMmail
2003.03.04 08:16 B C:\jj\paper\kernelCurve\curveKernelACMSE03.pdf <-- light /usr/people/jj/modelTR/visibility/kernel/kernelCurve curveKernelACMSE03.pdf
2003.03.04 08:16 B C:\jj\paper\kernelCurve\curveKernelACMSE03.tex <-- light /usr/people/jj/modelTR/visibility/kernel/kernelCurve curveKernelACMSE03.tex
2003.03.04 08:16 B C:\jj\paper\kernelCurve\curvekernelFromHull.txt <-- light /usr/people/jj/modelTR/visibility/kernel/kernelCurve curvekernelFromHull.txt
2003.03.04 08:16 B C:\jj\paper\kernelCurve\johnstone.tar <-- light /usr/people/jj/modelTR/visibility/kernel/kernelCurve johnstone.tar
2003.03.04 08:16 B C:\jj\paper\kernelCurve\kernel.aux <-- light /usr/people/jj/modelTR/visibility/kernel/kernelCurve kernel.aux
2003.03.04 08:16 B C:\jj\paper\kernelCurve\kernel.log <-- light /usr/people/jj/modelTR/visibility/kernel/kernelCurve kernel.log
2003.03.04 08:16 B C:\jj\paper\kernelCurve\kernel.pdf <-- light /usr/people/jj/modelTR/visibility/kernel/kernelCurve kernel.pdf
2003.03.04 08:16 B C:\jj\paper\kernelCurve\kernel.tex <-- light /usr/people/jj/modelTR/visibility/kernel/kernelCurve kernel.tex
2003.03.04 08:16 B C:\jj\paper\kernelCurve\kernel.toc <-- light /usr/people/jj/modelTR/visibility/kernel/kernelCurve kernel.toc
2003.03.04 08:16 B C:\jj\paper\kernelCurve\kernelInDualSpace.aux <-- light /usr/people/jj/modelTR/visibility/kernel/kernelCurve kernelInDualSpace.aux
2003.03.04 08:16 B C:\jj\paper\kernelCurve\kernelInDualSpace.log <-- light /usr/people/jj/modelTR/visibility/kernel/kernelCurve kernelInDualSpace.log
2003.03.04 08:16 B C:\jj\paper\kernelCurve\kernelInDualSpace.pdf <-- light /usr/people/jj/modelTR/visibility/kernel/kernelCurve kernelInDualSpace.pdf
2003.03.04 08:16 B C:\jj\paper\kernelCurve\kernelInDualSpace.tex <-- light /usr/people/jj/modelTR/visibility/kernel/kernelCurve kernelInDualSpace.tex
2003.03.04 08:16 B C:\jj\paper\kernelCurve\missfont.log <-- light /usr/people/jj/modelTR/visibility/kernel/kernelCurve missfont.log
2003.03.04 08:16 B C:\jj\paper\kernelCurve\sig-alternate.cls <-- light /usr/people/jj/modelTR/visibility/kernel/kernelCurve sig-alternate.cls
2003.03.04 08:16 B C:\jj\paper\kernelCurve\sig-alternate.pdf <-- light /usr/people/jj/modelTR/visibility/kernel/kernelCurve sig-alternate.pdf
2003.03.04 08:16 B C:\jj\paper\kernelCurve\sig-alternate.tex <-- light /usr/people/jj/modelTR/visibility/kernel/kernelCurve sig-alternate.tex
