2003.03.04 08:16 B C:\jj\paper\kernelCurve\img\jjke0.jpg <-- light /usr/people/jj/modelTR/visibility/kernel/kernelCurve/img jjke0.jpg
2003.03.04 08:16 B C:\jj\paper\kernelCurve\img\jjke0.rgb <-- light /usr/people/jj/modelTR/visibility/kernel/kernelCurve/img jjke0.rgb
2003.03.04 08:16 B C:\jj\paper\kernelCurve\img\jjke1.gif <-- light /usr/people/jj/modelTR/visibility/kernel/kernelCurve/img jjke1.gif
2003.03.04 08:16 B C:\jj\paper\kernelCurve\img\jjke1.jpg <-- light /usr/people/jj/modelTR/visibility/kernel/kernelCurve/img jjke1.jpg
2003.03.04 08:16 B C:\jj\paper\kernelCurve\img\jjke1.rgb <-- light /usr/people/jj/modelTR/visibility/kernel/kernelCurve/img jjke1.rgb
2003.03.04 08:16 B C:\jj\paper\kernelCurve\img\jjke10.jpg <-- light /usr/people/jj/modelTR/visibility/kernel/kernelCurve/img jjke10.jpg
2003.03.04 08:16 B C:\jj\paper\kernelCurve\img\jjke10.rgb <-- light /usr/people/jj/modelTR/visibility/kernel/kernelCurve/img jjke10.rgb
2003.03.04 08:16 B C:\jj\paper\kernelCurve\img\jjke11.jpg <-- light /usr/people/jj/modelTR/visibility/kernel/kernelCurve/img jjke11.jpg
2003.03.04 08:16 B C:\jj\paper\kernelCurve\img\jjke11.rgb <-- light /usr/people/jj/modelTR/visibility/kernel/kernelCurve/img jjke11.rgb
2003.03.04 08:16 B C:\jj\paper\kernelCurve\img\jjke12.jpg <-- light /usr/people/jj/modelTR/visibility/kernel/kernelCurve/img jjke12.jpg
2003.03.04 08:16 B C:\jj\paper\kernelCurve\img\jjke12.rgb <-- light /usr/people/jj/modelTR/visibility/kernel/kernelCurve/img jjke12.rgb
2003.03.04 08:16 B C:\jj\paper\kernelCurve\img\jjke13.jpg <-- light /usr/people/jj/modelTR/visibility/kernel/kernelCurve/img jjke13.jpg
2003.03.04 08:16 B C:\jj\paper\kernelCurve\img\jjke13.rgb <-- light /usr/people/jj/modelTR/visibility/kernel/kernelCurve/img jjke13.rgb
2003.03.04 08:16 B C:\jj\paper\kernelCurve\img\jjke14.jpg <-- light /usr/people/jj/modelTR/visibility/kernel/kernelCurve/img jjke14.jpg
2003.03.04 08:16 B C:\jj\paper\kernelCurve\img\jjke14.rgb <-- light /usr/people/jj/modelTR/visibility/kernel/kernelCurve/img jjke14.rgb
2003.03.04 08:16 B C:\jj\paper\kernelCurve\img\jjke15.jpg <-- light /usr/people/jj/modelTR/visibility/kernel/kernelCurve/img jjke15.jpg
2003.03.04 08:16 B C:\jj\paper\kernelCurve\img\jjke15.ps <-- light /usr/people/jj/modelTR/visibility/kernel/kernelCurve/img jjke15.ps
2003.03.04 08:16 B C:\jj\paper\kernelCurve\img\jjke15.rgb <-- light /usr/people/jj/modelTR/visibility/kernel/kernelCurve/img jjke15.rgb
2003.03.04 08:16 B C:\jj\paper\kernelCurve\img\jjke16.jpg <-- light /usr/people/jj/modelTR/visibility/kernel/kernelCurve/img jjke16.jpg
2003.03.04 08:16 B C:\jj\paper\kernelCurve\img\jjke16.rgb <-- light /usr/people/jj/modelTR/visibility/kernel/kernelCurve/img jjke16.rgb
2003.03.04 08:16 B C:\jj\paper\kernelCurve\img\jjke17.jpg <-- light /usr/people/jj/modelTR/visibility/kernel/kernelCurve/img jjke17.jpg
2003.03.04 08:16 B C:\jj\paper\kernelCurve\img\jjke17.rgb <-- light /usr/people/jj/modelTR/visibility/kernel/kernelCurve/img jjke17.rgb
2003.03.04 08:16 B C:\jj\paper\kernelCurve\img\jjke2.gif <-- light /usr/people/jj/modelTR/visibility/kernel/kernelCurve/img jjke2.gif
2003.03.04 08:16 B C:\jj\paper\kernelCurve\img\jjke2.jpg <-- light /usr/people/jj/modelTR/visibility/kernel/kernelCurve/img jjke2.jpg
2003.03.04 08:16 B C:\jj\paper\kernelCurve\img\jjke2.rgb <-- light /usr/people/jj/modelTR/visibility/kernel/kernelCurve/img jjke2.rgb
2003.03.04 08:16 B C:\jj\paper\kernelCurve\img\jjke3a.jpg <-- light /usr/people/jj/modelTR/visibility/kernel/kernelCurve/img jjke3a.jpg
2003.03.04 08:16 B C:\jj\paper\kernelCurve\img\jjke3a.rgb <-- light /usr/people/jj/modelTR/visibility/kernel/kernelCurve/img jjke3a.rgb
2003.03.04 08:16 B C:\jj\paper\kernelCurve\img\jjke3b.jpg <-- light /usr/people/jj/modelTR/visibility/kernel/kernelCurve/img jjke3b.jpg
2003.03.04 08:16 B C:\jj\paper\kernelCurve\img\jjke3b.rgb <-- light /usr/people/jj/modelTR/visibility/kernel/kernelCurve/img jjke3b.rgb
2003.03.04 08:16 B C:\jj\paper\kernelCurve\img\jjke3c.jpg <-- light /usr/people/jj/modelTR/visibility/kernel/kernelCurve/img jjke3c.jpg
2003.03.04 08:16 B C:\jj\paper\kernelCurve\img\jjke3c.rgb <-- light /usr/people/jj/modelTR/visibility/kernel/kernelCurve/img jjke3c.rgb
2003.03.04 08:16 B C:\jj\paper\kernelCurve\img\jjke4.jpg <-- light /usr/people/jj/modelTR/visibility/kernel/kernelCurve/img jjke4.jpg
2003.03.04 08:16 B C:\jj\paper\kernelCurve\img\jjke4.rgb <-- light /usr/people/jj/modelTR/visibility/kernel/kernelCurve/img jjke4.rgb
2003.03.04 08:16 B C:\jj\paper\kernelCurve\img\jjke5.jpg <-- light /usr/people/jj/modelTR/visibility/kernel/kernelCurve/img jjke5.jpg
2003.03.04 08:16 B C:\jj\paper\kernelCurve\img\jjke5.rgb <-- light /usr/people/jj/modelTR/visibility/kernel/kernelCurve/img jjke5.rgb
2003.03.04 08:16 B C:\jj\paper\kernelCurve\img\jjke6.jpg <-- light /usr/people/jj/modelTR/visibility/kernel/kernelCurve/img jjke6.jpg
2003.03.04 08:16 B C:\jj\paper\kernelCurve\img\jjke6.rgb <-- light /usr/people/jj/modelTR/visibility/kernel/kernelCurve/img jjke6.rgb
2003.03.04 08:16 B C:\jj\paper\kernelCurve\img\jjke7.jpg <-- light /usr/people/jj/modelTR/visibility/kernel/kernelCurve/img jjke7.jpg
2003.03.04 08:16 B C:\jj\paper\kernelCurve\img\jjke7.rgb <-- light /usr/people/jj/modelTR/visibility/kernel/kernelCurve/img jjke7.rgb
2003.03.04 08:16 B C:\jj\paper\kernelCurve\img\jjke8.jpg <-- light /usr/people/jj/modelTR/visibility/kernel/kernelCurve/img jjke8.jpg
2003.03.04 08:16 B C:\jj\paper\kernelCurve\img\jjke8.rgb <-- light /usr/people/jj/modelTR/visibility/kernel/kernelCurve/img jjke8.rgb
2003.03.04 08:16 B C:\jj\paper\kernelCurve\img\jjke9.jpg <-- light /usr/people/jj/modelTR/visibility/kernel/kernelCurve/img jjke9.jpg
2003.03.04 08:16 B C:\jj\paper\kernelCurve\img\jjke9.rgb <-- light /usr/people/jj/modelTR/visibility/kernel/kernelCurve/img jjke9.rgb
2003.03.04 08:16 B C:\jj\paper\kernelCurve\img\ob1bctang.jpg <-- light /usr/people/jj/modelTR/visibility/kernel/kernelCurve/img ob1bctang.jpg
2003.03.04 08:16 B C:\jj\paper\kernelCurve\img\ob1bctang.rgb <-- light /usr/people/jj/modelTR/visibility/kernel/kernelCurve/img ob1bctang.rgb
